[debug] [2023-04-17T12:11:23.390Z] ----------------------------------------------------------------------
[debug] [2023-04-17T12:11:23.392Z] Command:       /usr/local/bin/firebase /Users/sparshjain/.cache/firebase/tools/lib/node_modules/firebase-tools/lib/bin/firebase deploy
[debug] [2023-04-17T12:11:23.392Z] CLI Version:   11.27.0
[debug] [2023-04-17T12:11:23.392Z] Platform:      darwin
[debug] [2023-04-17T12:11:23.392Z] Node Version:  v16.16.0
[debug] [2023-04-17T12:11:23.397Z] Time:          Mon Apr 17 2023 17:41:23 GMT+0530 (India Standard Time)
[debug] [2023-04-17T12:11:23.398Z] ----------------------------------------------------------------------
[debug] 
[debug] [2023-04-17T12:11:23.493Z] > command requires scopes: ["email","openid","https://www.googleapis.com/auth/cloudplatformprojects.readonly","https://www.googleapis.com/auth/firebase","https://www.googleapis.com/auth/cloud-platform"]
[debug] [2023-04-17T12:11:23.495Z] > authorizing via signed-in user (prodsupport@3dwe.in)
[debug] [2023-04-17T12:11:23.495Z] [iam] checking project pg-explorer for permissions ["firebase.projects.get","firebasehosting.sites.update"]
[debug] [2023-04-17T12:11:23.498Z] >>> [apiv2][query] POST https://cloudresourcemanager.googleapis.com/v1/projects/pg-explorer:testIamPermissions [none]
[debug] [2023-04-17T12:11:23.499Z] >>> [apiv2][(partial)header] POST https://cloudresourcemanager.googleapis.com/v1/projects/pg-explorer:testIamPermissions x-goog-quota-user=projects/pg-explorer
[debug] [2023-04-17T12:11:23.500Z] >>> [apiv2][body] POST https://cloudresourcemanager.googleapis.com/v1/projects/pg-explorer:testIamPermissions {"permissions":["firebase.projects.get","firebasehosting.sites.update"]}
[debug] [2023-04-17T12:11:23.967Z] <<< [apiv2][status] POST https://cloudresourcemanager.googleapis.com/v1/projects/pg-explorer:testIamPermissions 200
[debug] [2023-04-17T12:11:23.969Z] <<< [apiv2][body] POST https://cloudresourcemanager.googleapis.com/v1/projects/pg-explorer:testIamPermissions {"permissions":["firebase.projects.get","firebasehosting.sites.update"]}
[debug] [2023-04-17T12:11:23.972Z] >>> [apiv2][query] GET https://firebase.googleapis.com/v1beta1/projects/pg-explorer [none]
[debug] [2023-04-17T12:11:24.568Z] <<< [apiv2][status] GET https://firebase.googleapis.com/v1beta1/projects/pg-explorer 200
[debug] [2023-04-17T12:11:24.572Z] <<< [apiv2][body] GET https://firebase.googleapis.com/v1beta1/projects/pg-explorer {"projectId":"pg-explorer","projectNumber":"758773104893","displayName":"PG-Explorer","name":"projects/pg-explorer","resources":{"hostingSite":"pg-explorer"},"state":"ACTIVE","etag":"1_85a60ff1-4bc4-4b91-9dab-b85e3e29c621"}
[debug] [2023-04-17T12:12:12.463Z] Error: Command failed: npm i --omit dev --no-audit
    at checkExecSyncError (node:child_process:828:11)
    at Object.execSync (node:child_process:899:15)
    at execSync (pkg/prelude/bootstrap.js:2111:30)
    at prepareFrameworks (/Users/sparshjain/.cache/firebase/tools/lib/node_modules/firebase-tools/lib/frameworks/index.js:392:42)
    at async deploy (/Users/sparshjain/.cache/firebase/tools/lib/node_modules/firebase-tools/lib/deploy/index.js:53:13)
[error] 
[error] Error: An unexpected error has occurred.
